2026-03-25 09:16:09,023 [INFO] ==================================================
2026-03-25 09:16:09,023 [INFO] 🚀 机器狗 VLA 意图识别 (MediaPipe 高维版) 训练启动
2026-03-25 09:16:09,024 [INFO] 📁 本次训练日志将永久保存至: D:\unitree_go2_vla_adapter_dataset\New_Architecture\1D_CNN_GRU_mediapipe\train_log\train_mp_20260325_091609.log
2026-03-25 09:16:09,024 [INFO] ==================================================
2026-03-25 09:16:09,103 [INFO] 🔥 当前使用计算设备: cuda
2026-03-25 09:16:09,105 [INFO] ⏳ 正在分析数据集分布，执行 9:1 严格分层抽样...
2026-03-25 09:16:09,110 [INFO] 📦 数据加载闭环！总样本: 700 | 训练集: 630 | 验证集: 70
2026-03-25 09:16:14,202 [INFO] 🏃‍♂️ 开始冲刺训练...
2026-03-25 09:16:15,489 [INFO] Epoch [  1/100] (1.3s) | Train Loss: 2.2359, Acc: 0.2984 || Val Loss: 1.9449, Acc: 0.4714, F1: 0.3577
2026-03-25 09:16:15,499 [INFO] 🌟 验证集 F1-Score 提升至 0.3577，已保存最新权重。
2026-03-25 09:16:16,019 [INFO] 🌟 验证集 F1-Score 提升至 0.5052，已保存最新权重。
2026-03-25 09:16:16,405 [INFO] 🌟 验证集 F1-Score 提升至 0.5623，已保存最新权重。
2026-03-25 09:16:16,769 [INFO] 🌟 验证集 F1-Score 提升至 0.5789，已保存最新权重。
2026-03-25 09:16:17,171 [INFO] Epoch [  5/100] (0.4s) | Train Loss: 0.5901, Acc: 0.8063 || Val Loss: 1.3162, Acc: 0.6000, F1: 0.5757
2026-03-25 09:16:17,556 [INFO] 🌟 验证集 F1-Score 提升至 0.7410，已保存最新权重。
2026-03-25 09:16:17,930 [INFO] 🌟 验证集 F1-Score 提升至 0.7543，已保存最新权重。
2026-03-25 09:16:18,337 [INFO] 🌟 验证集 F1-Score 提升至 0.8953，已保存最新权重。
2026-03-25 09:16:19,100 [INFO] Epoch [ 10/100] (0.4s) | Train Loss: 0.2357, Acc: 0.9270 || Val Loss: 0.2797, Acc: 0.9143, F1: 0.9091
2026-03-25 09:16:19,105 [INFO] 🌟 验证集 F1-Score 提升至 0.9091，已保存最新权重。
2026-03-25 09:16:19,900 [INFO] 🌟 验证集 F1-Score 提升至 0.9104，已保存最新权重。
2026-03-25 09:16:20,667 [INFO] 🌟 验证集 F1-Score 提升至 0.9689，已保存最新权重。
2026-03-25 09:16:21,068 [INFO] Epoch [ 15/100] (0.4s) | Train Loss: 0.1937, Acc: 0.9317 || Val Loss: 0.0863, Acc: 0.9857, F1: 0.9878
2026-03-25 09:16:21,073 [INFO] 🌟 验证集 F1-Score 提升至 0.9878，已保存最新权重。
2026-03-25 09:16:21,934 [INFO] 🌟 验证集 F1-Score 提升至 1.0000，已保存最新权重。
2026-03-25 09:16:23,365 [INFO] Epoch [ 20/100] (0.5s) | Train Loss: 0.2126, Acc: 0.9286 || Val Loss: 0.3481, Acc: 0.9429, F1: 0.9359
2026-03-25 09:16:25,715 [INFO] Epoch [ 25/100] (0.4s) | Train Loss: 0.0768, Acc: 0.9762 || Val Loss: 0.1485, Acc: 0.9286, F1: 0.9247
2026-03-25 09:16:27,784 [INFO] Epoch [ 30/100] (0.4s) | Train Loss: 0.0301, Acc: 0.9937 || Val Loss: 0.0200, Acc: 0.9857, F1: 0.9845
2026-03-25 09:16:29,778 [INFO] Epoch [ 35/100] (0.4s) | Train Loss: 0.0649, Acc: 0.9746 || Val Loss: 0.0324, Acc: 1.0000, F1: 1.0000
2026-03-25 09:16:31,999 [INFO] Epoch [ 40/100] (0.4s) | Train Loss: 0.0727, Acc: 0.9762 || Val Loss: 0.1604, Acc: 0.9714, F1: 0.9689
2026-03-25 09:16:33,978 [INFO] Epoch [ 45/100] (0.4s) | Train Loss: 0.0101, Acc: 1.0000 || Val Loss: 0.0126, Acc: 1.0000, F1: 1.0000
2026-03-25 09:16:35,830 [INFO] Epoch [ 50/100] (0.4s) | Train Loss: 0.0714, Acc: 0.9730 || Val Loss: 0.0253, Acc: 0.9857, F1: 0.9845
2026-03-25 09:16:38,068 [INFO] Epoch [ 55/100] (0.4s) | Train Loss: 0.1186, Acc: 0.9762 || Val Loss: 0.2656, Acc: 0.9429, F1: 0.9369
2026-03-25 09:16:40,126 [INFO] Epoch [ 60/100] (0.4s) | Train Loss: 0.0247, Acc: 0.9921 || Val Loss: 0.0103, Acc: 1.0000, F1: 1.0000
2026-03-25 09:16:41,963 [INFO] Epoch [ 65/100] (0.4s) | Train Loss: 0.0184, Acc: 0.9937 || Val Loss: 0.0192, Acc: 0.9857, F1: 0.9845
2026-03-25 09:16:44,307 [INFO] Epoch [ 70/100] (0.5s) | Train Loss: 0.0054, Acc: 1.0000 || Val Loss: 0.0087, Acc: 1.0000, F1: 1.0000
2026-03-25 09:16:46,376 [INFO] Epoch [ 75/100] (0.4s) | Train Loss: 0.0030, Acc: 1.0000 || Val Loss: 0.0068, Acc: 1.0000, F1: 1.0000
2026-03-25 09:16:48,391 [INFO] Epoch [ 80/100] (0.4s) | Train Loss: 0.1406, Acc: 0.9556 || Val Loss: 0.2574, Acc: 0.9000, F1: 0.8964
2026-03-25 09:16:50,678 [INFO] Epoch [ 85/100] (0.4s) | Train Loss: 0.0127, Acc: 0.9968 || Val Loss: 0.0133, Acc: 1.0000, F1: 1.0000
2026-03-25 09:16:52,984 [INFO] Epoch [ 90/100] (0.5s) | Train Loss: 0.0031, Acc: 1.0000 || Val Loss: 0.0115, Acc: 1.0000, F1: 1.0000
2026-03-25 09:16:54,860 [INFO] Epoch [ 95/100] (0.4s) | Train Loss: 0.0025, Acc: 1.0000 || Val Loss: 0.0053, Acc: 1.0000, F1: 1.0000
2026-03-25 09:16:56,846 [INFO] Epoch [100/100] (0.4s) | Train Loss: 0.0024, Acc: 1.0000 || Val Loss: 0.0081, Acc: 1.0000, F1: 1.0000
2026-03-25 09:16:56,847 [INFO] ==================================================
2026-03-25 09:16:56,847 [INFO] 🎉 炼丹彻底完成！总耗时: 0.71 分钟
2026-03-25 09:16:56,847 [INFO] 🏆 历史最高验证集 F1-Score: 1.0000
2026-03-25 09:16:56,847 [INFO] 💾 最优模型权重已安全降落至: D:\unitree_go2_vla_adapter_dataset\New_Architecture\1D_CNN_GRU_mediapipe\trained_model\best_mp_gesture_model.pth
2026-03-25 09:16:56,847 [INFO] ==================================================
